2018/10/05 10:13:21.025 Info   Starting JoyToKey Ver5.9
2018/10/05 10:13:21.025 Info   ExeFile=C:\Users\herbz\Documents\GitHub\Parabolic flight\JoyToKey_en\JoyToKey.exe
2018/10/05 10:13:21.025 Info   ConfigDir=C:\Users\herbz\Documents\GitHub\Parabolic flight\JoyToKey_en\
2018/10/05 10:13:21.025 Info   IniFile=C:\Users\herbz\Documents\GitHub\Parabolic flight\JoyToKey_en\JoyToKey.ini
2018/10/05 10:13:21.025 Info   Windows Version = 6.2
2018/10/05 10:13:21.026 Info   Loaded VistaAPI.dll (Utils\Utils.cpp#226)
2018/10/05 10:13:21.036 Info   LicenseKey "" is not valid
2018/10/05 10:13:21.210 Info   Loading XInput1_3.dll (Joystick.cpp#128)
2018/10/05 10:13:21.212 Info   Initialized XInput (Joystick.cpp#146)
2018/10/05 10:13:21.382 Info   Detected a DI joystick: {23E3A790-798A-11E8-8001-444553540000}, usb gamepad           , usb gamepad           
2018/10/05 10:13:21.382 Info   Preferred index = -1
2018/10/05 10:13:21.383 Info   numAxis = 2
2018/10/05 10:13:21.383 Info   numPOVs = 0
2018/10/05 10:13:21.383 Info   numButtons = 10
2018/10/05 10:13:21.383 Info   EnumDeviceObject: Axis offset=0 type=102 name=Y Axis
2018/10/05 10:13:21.383 Info   EnumDeviceObject: Axis offset=4 type=2 name=X Axis
2018/10/05 10:13:21.410 Info   DetectJoysticks: Detected 1 DI joystick(s)
2018/10/05 10:13:21.415 Info   Joystick #1: usb gamepad
2018/10/05 10:13:21.415 Info   1 joysticks are detected (Joystick.cpp#168)
2018/10/05 10:13:21.415 Info   ConfigDir=C:\Users\herbz\Documents\GitHub\Parabolic flight\JoyToKey_en\*.cfg (ConfigFileManager.cpp#43)
2018/10/05 10:13:21.425 Info   Failed to find AppLink.dat (AppLink\AppLinkManager.cpp#32)
2018/10/05 10:13:21.450 Info   TimerInit: Initializing timer with x1 speed mode (interval = 16 msec)
